# JRE version: OpenJDK Runtime Environment (17.0.6) (build 17.0.6+0-b2043.56-9586694)
# Java VM: OpenJDK 64-Bit Server VM (17.0.6+0-b2043.56-9586694, mixed mode, tiered, compressed oops, compressed class ptrs, g1 gc, windows-amd64)
GC Precious Log:
 CPUs: 8 total, 8 available
 Memory: 8037M
 Large Page Support: Disabled
 NUMA Support: Disabled
 Compressed Oops: Enabled (32-bit)
 Heap Region Size: 1M
 Heap Min Capacity: 8M
 Heap Initial Capacity: 126M
 Heap Max Capacity: 2G
 Pre-touch: Disabled
 Parallel Workers: 8
 Concurrent Workers: 2
 Concurrent Refinement Workers: 8
 Periodic GC: Disabled
Heap:
 garbage-first heap   total 138240K, used 103056K [0x0000000080000000, 0x0000000100000000)
  region size 1024K, 5 young (5120K), 2 survivors (2048K)
 Metaspace       used 49765K, committed 50240K, reserved 1097728K
  class space    used 6589K, committed 6784K, reserved 1048576K
GC Heap History (20 events):
Event: 2.835 GC heap before
{Heap before GC invocations=7 (full 0):
 garbage-first heap   total 81920K, used 46633K [0x0000000080000000, 0x0000000100000000)
  region size 1024K, 5 young (5120K), 4 survivors (4096K)
 Metaspace       used 28837K, committed 29184K, reserved 1081344K
  class space    used 3920K, committed 4096K, reserved 1048576K
}
Event: 2.837 GC heap after
{Heap after GC invocations=8 (full 0):
 garbage-first heap   total 81920K, used 46659K [0x0000000080000000, 0x0000000100000000)
  region size 1024K, 1 young (1024K), 1 survivors (1024K)
 Metaspace       used 28837K, committed 29184K, reserved 1081344K
  class space    used 3920K, committed 4096K, reserved 1048576K
}
Event: 3.226 GC heap before
{Heap before GC invocations=9 (full 0):
 garbage-first heap   total 94208K, used 68163K [0x0000000080000000, 0x0000000100000000)
  region size 1024K, 16 young (16384K), 1 survivors (1024K)
 Metaspace       used 30808K, committed 31168K, reserved 1081344K
  class space    used 4234K, committed 4416K, reserved 1048576K
}
Event: 3.228 GC heap after
{Heap after GC invocations=10 (full 0):
 garbage-first heap   total 94208K, used 56123K [0x0000000080000000, 0x0000000100000000)
  region size 1024K, 2 young (2048K), 2 survivors (2048K)
 Metaspace       used 30808K, committed 31168K, reserved 1081344K
  class space    used 4234K, committed 4416K, reserved 1048576K
}
Event: 3.467 GC heap before
{Heap before GC invocations=10 (full 0):
 garbage-first heap   total 94208K, used 72507K [0x0000000080000000, 0x0000000100000000)
  region size 1024K, 18 young (18432K), 2 survivors (2048K)
 Metaspace       used 33051K, committed 33408K, reserved 1081344K
  class space    used 4618K, committed 4800K, reserved 1048576K
}
Event: 3.469 GC heap after
{Heap after GC invocations=11 (full 0):
 garbage-first heap   total 94208K, used 56967K [0x0000000080000000, 0x0000000100000000)
  region size 1024K, 1 young (1024K), 1 survivors (1024K)
 Metaspace       used 33051K, committed 33408K, reserved 1081344K
  class space    used 4618K, committed 4800K, reserved 1048576K
}
Event: 3.847 GC heap before
{Heap before GC invocations=12 (full 0):
 garbage-first heap   total 99328K, used 72327K [0x0000000080000000, 0x0000000100000000)
  region size 1024K, 17 young (17408K), 1 survivors (1024K)
 Metaspace       used 36355K, committed 36736K, reserved 1081344K
  class space    used 5033K, committed 5184K, reserved 1048576K
}
Event: 3.850 GC heap after
{Heap after GC invocations=13 (full 0):
 garbage-first heap   total 99328K, used 58318K [0x0000000080000000, 0x0000000100000000)
  region size 1024K, 3 young (3072K), 3 survivors (3072K)
 Metaspace       used 36355K, committed 36736K, reserved 1081344K
  class space    used 5033K, committed 5184K, reserved 1048576K
}
Event: 4.221 GC heap before
{Heap before GC invocations=13 (full 0):
 garbage-first heap   total 99328K, used 76750K [0x0000000080000000, 0x0000000100000000)
  region size 1024K, 22 young (22528K), 3 survivors (3072K)
 Metaspace       used 41008K, committed 41408K, reserved 1089536K
  class space    used 5499K, committed 5696K, reserved 1048576K
}
Event: 4.224 GC heap after
{Heap after GC invocations=14 (full 0):
 garbage-first heap   total 99328K, used 61359K [0x0000000080000000, 0x0000000100000000)
  region size 1024K, 3 young (3072K), 3 survivors (3072K)
 Metaspace       used 41008K, committed 41408K, reserved 1089536K
  class space    used 5499K, committed 5696K, reserved 1048576K
}
Event: 4.367 GC heap before
{Heap before GC invocations=15 (full 0):
 garbage-first heap   total 114688K, used 77743K [0x0000000080000000, 0x0000000100000000)
  region size 1024K, 21 young (21504K), 3 survivors (3072K)
 Metaspace       used 41468K, committed 41920K, reserved 1089536K
  class space    used 5544K, committed 5760K, reserved 1048576K
}
Event: 4.371 GC heap after
{Heap after GC invocations=16 (full 0):
 garbage-first heap   total 138240K, used 64350K [0x0000000080000000, 0x0000000100000000)
  region size 1024K, 3 young (3072K), 3 survivors (3072K)
 Metaspace       used 41468K, committed 41920K, reserved 1089536K
  class space    used 5544K, committed 5760K, reserved 1048576K
}
Event: 5.206 GC heap before
{Heap before GC invocations=17 (full 0):
 garbage-first heap   total 138240K, used 95070K [0x0000000080000000, 0x0000000100000000)
  region size 1024K, 32 young (32768K), 3 survivors (3072K)
 Metaspace       used 45747K, committed 46144K, reserved 1089536K
  class space    used 6087K, committed 6272K, reserved 1048576K
}
Event: 5.210 GC heap after
{Heap after GC invocations=18 (full 0):
 garbage-first heap   total 138240K, used 66066K [0x0000000080000000, 0x0000000100000000)
  region size 1024K, 5 young (5120K), 5 survivors (5120K)
 Metaspace       used 45747K, committed 46144K, reserved 1089536K
  class space    used 6087K, committed 6272K, reserved 1048576K
}
Event: 5.808 GC heap before
{Heap before GC invocations=19 (full 0):
 garbage-first heap   total 138240K, used 123410K [0x0000000080000000, 0x0000000100000000)
  region size 1024K, 41 young (41984K), 5 survivors (5120K)
 Metaspace       used 48459K, committed 48896K, reserved 1097728K
  class space    used 6364K, committed 6528K, reserved 1048576K
}
Event: 5.813 GC heap after
{Heap after GC invocations=20 (full 0):
 garbage-first heap   total 138240K, used 93149K [0x0000000080000000, 0x0000000100000000)
  region size 1024K, 6 young (6144K), 6 survivors (6144K)
 Metaspace       used 48459K, committed 48896K, reserved 1097728K
  class space    used 6364K, committed 6528K, reserved 1048576K
}
Event: 5.821 GC heap before
{Heap before GC invocations=20 (full 0):
 garbage-first heap   total 138240K, used 94173K [0x0000000080000000, 0x0000000100000000)
  region size 1024K, 7 young (7168K), 6 survivors (6144K)
 Metaspace       used 48465K, committed 48896K, reserved 1097728K
  class space    used 6364K, committed 6528K, reserved 1048576K
}
Event: 5.825 GC heap after
{Heap after GC invocations=21 (full 0):
 garbage-first heap   total 138240K, used 93546K [0x0000000080000000, 0x0000000100000000)
  region size 1024K, 1 young (1024K), 1 survivors (1024K)
 Metaspace       used 48465K, committed 48896K, reserved 1097728K
  class space    used 6364K, committed 6528K, reserved 1048576K
}
Event: 6.021 GC heap before
{Heap before GC invocations=21 (full 0):
 garbage-first heap   total 138240K, used 102762K [0x0000000080000000, 0x0000000100000000)
  region size 1024K, 11 young (11264K), 1 survivors (1024K)
 Metaspace       used 49720K, committed 50176K, reserved 1097728K
  class space    used 6583K, committed 6784K, reserved 1048576K
}
Event: 6.024 GC heap after
{Heap after GC invocations=22 (full 0):
 garbage-first heap   total 138240K, used 93840K [0x0000000080000000, 0x0000000100000000)
  region size 1024K, 2 young (2048K), 2 survivors (2048K)
 Metaspace       used 49720K, committed 50176K, reserved 1097728K
  class space    used 6583K, committed 6784K, reserved 1048576K
}

