# JRE version: OpenJDK Runtime Environment (11.0.15) (build 11.0.15+0-b2043.56-9505619)
# Java VM: OpenJDK 64-Bit Server VM (11.0.15+0-b2043.56-9505619, mixed mode, tiered, compressed oops, g1 gc, windows-amd64)
Heap:
 garbage-first heap   total 155648K, used 94025K [0x0000000080000000, 0x0000000100000000)
  region size 1024K, 30 young (30720K), 6 survivors (6144K)
 Metaspace       used 81842K, capacity 83787K, committed 83868K, reserved 1122304K
  class space    used 10707K, capacity 11486K, committed 11520K, reserved 1048576K
GC Heap History (20 events):
Event: 4.131 GC heap before
{Heap before GC invocations=5 (full 0):
 garbage-first heap   total 129024K, used 75817K [0x0000000080000000, 0x0000000100000000)
  region size 1024K, 60 young (61440K), 4 survivors (4096K)
 Metaspace       used 35008K, capacity 35890K, committed 35968K, reserved 1081344K
  class space    used 4569K, capacity 4921K, committed 4992K, reserved 1048576K
}
Event: 4.140 GC heap after
{Heap after GC invocations=6 (full 0):
 garbage-first heap   total 129024K, used 22622K [0x0000000080000000, 0x0000000100000000)
  region size 1024K, 7 young (7168K), 7 survivors (7168K)
 Metaspace       used 35008K, capacity 35890K, committed 35968K, reserved 1081344K
  class space    used 4569K, capacity 4921K, committed 4992K, reserved 1048576K
}
Event: 4.919 GC heap before
{Heap before GC invocations=7 (full 0):
 garbage-first heap   total 129024K, used 95326K [0x0000000080000000, 0x0000000100000000)
  region size 1024K, 75 young (76800K), 7 survivors (7168K)
 Metaspace       used 41068K, capacity 42040K, committed 42140K, reserved 1085440K
  class space    used 5220K, capacity 5598K, committed 5632K, reserved 1048576K
}
Event: 4.935 GC heap after
{Heap after GC invocations=8 (full 0):
 garbage-first heap   total 129024K, used 29012K [0x0000000080000000, 0x0000000100000000)
  region size 1024K, 10 young (10240K), 10 survivors (10240K)
 Metaspace       used 41068K, capacity 42040K, committed 42140K, reserved 1085440K
  class space    used 5220K, capacity 5598K, committed 5632K, reserved 1048576K
}
Event: 5.625 GC heap before
{Heap before GC invocations=9 (full 0):
 garbage-first heap   total 129024K, used 96596K [0x0000000080000000, 0x0000000100000000)
  region size 1024K, 75 young (76800K), 10 survivors (10240K)
 Metaspace       used 46988K, capacity 48079K, committed 48156K, reserved 1091584K
  class space    used 6005K, capacity 6451K, committed 6528K, reserved 1048576K
}
Event: 5.634 GC heap after
{Heap after GC invocations=10 (full 0):
 garbage-first heap   total 155648K, used 31006K [0x0000000080000000, 0x0000000100000000)
  region size 1024K, 3 young (3072K), 3 survivors (3072K)
 Metaspace       used 46988K, capacity 48079K, committed 48156K, reserved 1091584K
  class space    used 6005K, capacity 6451K, committed 6528K, reserved 1048576K
}
Event: 6.802 GC heap before
{Heap before GC invocations=10 (full 0):
 garbage-first heap   total 155648K, used 122142K [0x0000000080000000, 0x0000000100000000)
  region size 1024K, 83 young (84992K), 3 survivors (3072K)
 Metaspace       used 51042K, capacity 52342K, committed 52508K, reserved 1095680K
  class space    used 6497K, capacity 7004K, committed 7040K, reserved 1048576K
}
Event: 6.807 GC heap after
{Heap after GC invocations=11 (full 0):
 garbage-first heap   total 155648K, used 49321K [0x0000000080000000, 0x0000000100000000)
  region size 1024K, 11 young (11264K), 11 survivors (11264K)
 Metaspace       used 51042K, capacity 52342K, committed 52508K, reserved 1095680K
  class space    used 6497K, capacity 7004K, committed 7040K, reserved 1048576K
}
Event: 7.745 GC heap before
{Heap before GC invocations=11 (full 0):
 garbage-first heap   total 155648K, used 123049K [0x0000000080000000, 0x0000000100000000)
  region size 1024K, 78 young (79872K), 11 survivors (11264K)
 Metaspace       used 60284K, capacity 61878K, committed 61980K, reserved 1103872K
  class space    used 7654K, capacity 8285K, committed 8320K, reserved 1048576K
}
Event: 7.752 GC heap after
{Heap after GC invocations=12 (full 0):
 garbage-first heap   total 155648K, used 58250K [0x0000000080000000, 0x0000000100000000)
  region size 1024K, 6 young (6144K), 6 survivors (6144K)
 Metaspace       used 60284K, capacity 61878K, committed 61980K, reserved 1103872K
  class space    used 7654K, capacity 8285K, committed 8320K, reserved 1048576K
}
Event: 9.260 GC heap before
{Heap before GC invocations=12 (full 0):
 garbage-first heap   total 155648K, used 122762K [0x0000000080000000, 0x0000000100000000)
  region size 1024K, 66 young (67584K), 6 survivors (6144K)
 Metaspace       used 64550K, capacity 66233K, committed 66332K, reserved 1107968K
  class space    used 8185K, capacity 8821K, committed 8832K, reserved 1048576K
}
Event: 9.273 GC heap after
{Heap after GC invocations=13 (full 0):
 garbage-first heap   total 155648K, used 60509K [0x0000000080000000, 0x0000000100000000)
  region size 1024K, 6 young (6144K), 6 survivors (6144K)
 Metaspace       used 64550K, capacity 66233K, committed 66332K, reserved 1107968K
  class space    used 8185K, capacity 8821K, committed 8832K, reserved 1048576K
}
Event: 10.640 GC heap before
{Heap before GC invocations=13 (full 0):
 garbage-first heap   total 155648K, used 120925K [0x0000000080000000, 0x0000000100000000)
  region size 1024K, 65 young (66560K), 6 survivors (6144K)
 Metaspace       used 68107K, capacity 69840K, committed 69916K, reserved 1110016K
  class space    used 8652K, capacity 9311K, committed 9344K, reserved 1048576K
}
Event: 10.650 GC heap after
{Heap after GC invocations=14 (full 0):
 garbage-first heap   total 155648K, used 62806K [0x0000000080000000, 0x0000000100000000)
  region size 1024K, 4 young (4096K), 4 survivors (4096K)
 Metaspace       used 68107K, capacity 69840K, committed 69916K, reserved 1110016K
  class space    used 8652K, capacity 9311K, committed 9344K, reserved 1048576K
}
Event: 11.054 GC heap before
{Heap before GC invocations=14 (full 0):
 garbage-first heap   total 155648K, used 87382K [0x0000000080000000, 0x0000000100000000)
  region size 1024K, 29 young (29696K), 4 survivors (4096K)
 Metaspace       used 68784K, capacity 70453K, committed 70556K, reserved 1110016K
  class space    used 8731K, capacity 9409K, committed 9472K, reserved 1048576K
}
Event: 11.062 GC heap after
{Heap after GC invocations=15 (full 0):
 garbage-first heap   total 155648K, used 64256K [0x0000000080000000, 0x0000000100000000)
  region size 1024K, 6 young (6144K), 6 survivors (6144K)
 Metaspace       used 68784K, capacity 70453K, committed 70556K, reserved 1110016K
  class space    used 8731K, capacity 9409K, committed 9472K, reserved 1048576K
}
Event: 12.259 GC heap before
{Heap before GC invocations=16 (full 0):
 garbage-first heap   total 155648K, used 113408K [0x0000000080000000, 0x0000000100000000)
  region size 1024K, 54 young (55296K), 6 survivors (6144K)
 Metaspace       used 74113K, capacity 75884K, committed 76060K, reserved 1116160K
  class space    used 9638K, capacity 10314K, committed 10368K, reserved 1048576K
}
Event: 12.270 GC heap after
{Heap after GC invocations=17 (full 0):
 garbage-first heap   total 155648K, used 67184K [0x0000000080000000, 0x0000000100000000)
  region size 1024K, 5 young (5120K), 5 survivors (5120K)
 Metaspace       used 74113K, capacity 75884K, committed 76060K, reserved 1116160K
  class space    used 9638K, capacity 10314K, committed 10368K, reserved 1048576K
}
Event: 13.419 GC heap before
{Heap before GC invocations=17 (full 0):
 garbage-first heap   total 155648K, used 117360K [0x0000000080000000, 0x0000000100000000)
  region size 1024K, 54 young (55296K), 5 survivors (5120K)
 Metaspace       used 78587K, capacity 80526K, committed 80668K, reserved 1118208K
  class space    used 10267K, capacity 11012K, committed 11136K, reserved 1048576K
}
Event: 13.428 GC heap after
{Heap after GC invocations=18 (full 0):
 garbage-first heap   total 155648K, used 70473K [0x0000000080000000, 0x0000000100000000)
  region size 1024K, 6 young (6144K), 6 survivors (6144K)
 Metaspace       used 78587K, capacity 80526K, committed 80668K, reserved 1118208K
  class space    used 10267K, capacity 11012K, committed 11136K, reserved 1048576K
}

