# JRE version: OpenJDK Runtime Environment (11.0.15) (build 11.0.15+0-b2043.56-9505619)
# Java VM: OpenJDK 64-Bit Server VM (11.0.15+0-b2043.56-9505619, mixed mode, tiered, compressed oops, g1 gc, windows-amd64)
Heap:
 garbage-first heap   total 282624K, used 211882K [0x0000000080000000, 0x0000000100000000)
  region size 1024K, 124 young (126976K), 9 survivors (9216K)
 Metaspace       used 50573K, capacity 51987K, committed 52220K, reserved 1095680K
  class space    used 6468K, capacity 6971K, committed 7040K, reserved 1048576K
GC Heap History (20 events):
Event: 8.676 GC heap before
{Heap before GC invocations=28 (full 0):
 garbage-first heap   total 187392K, used 148626K [0x0000000080000000, 0x0000000100000000)
  region size 1024K, 64 young (65536K), 4 survivors (4096K)
 Metaspace       used 50559K, capacity 51987K, committed 52220K, reserved 1095680K
  class space    used 6468K, capacity 6971K, committed 7040K, reserved 1048576K
}
Event: 8.681 GC heap after
{Heap after GC invocations=29 (full 0):
 garbage-first heap   total 187392K, used 88495K [0x0000000080000000, 0x0000000100000000)
  region size 1024K, 4 young (4096K), 4 survivors (4096K)
 Metaspace       used 50559K, capacity 51987K, committed 52220K, reserved 1095680K
  class space    used 6468K, capacity 6971K, committed 7040K, reserved 1048576K
}
Event: 8.920 GC heap before
{Heap before GC invocations=29 (full 0):
 garbage-first heap   total 187392K, used 148911K [0x0000000080000000, 0x0000000100000000)
  region size 1024K, 63 young (64512K), 4 survivors (4096K)
 Metaspace       used 50565K, capacity 51987K, committed 52220K, reserved 1095680K
  class space    used 6468K, capacity 6971K, committed 7040K, reserved 1048576K
}
Event: 8.925 GC heap after
{Heap after GC invocations=30 (full 0):
 garbage-first heap   total 235520K, used 88853K [0x0000000080000000, 0x0000000100000000)
  region size 1024K, 5 young (5120K), 5 survivors (5120K)
 Metaspace       used 50565K, capacity 51987K, committed 52220K, reserved 1095680K
  class space    used 6468K, capacity 6971K, committed 7040K, reserved 1048576K
}
Event: 9.316 GC heap before
{Heap before GC invocations=31 (full 0):
 garbage-first heap   total 235520K, used 177941K [0x0000000080000000, 0x0000000100000000)
  region size 1024K, 92 young (94208K), 5 survivors (5120K)
 Metaspace       used 50567K, capacity 51987K, committed 52220K, reserved 1095680K
  class space    used 6468K, capacity 6971K, committed 7040K, reserved 1048576K
}
Event: 9.320 GC heap after
{Heap after GC invocations=32 (full 0):
 garbage-first heap   total 235520K, used 89399K [0x0000000080000000, 0x0000000100000000)
  region size 1024K, 5 young (5120K), 5 survivors (5120K)
 Metaspace       used 50567K, capacity 51987K, committed 52220K, reserved 1095680K
  class space    used 6468K, capacity 6971K, committed 7040K, reserved 1048576K
}
Event: 9.777 GC heap before
{Heap before GC invocations=32 (full 0):
 garbage-first heap   total 235520K, used 196919K [0x0000000080000000, 0x0000000100000000)
  region size 1024K, 110 young (112640K), 5 survivors (5120K)
 Metaspace       used 50568K, capacity 51987K, committed 52220K, reserved 1095680K
  class space    used 6468K, capacity 6971K, committed 7040K, reserved 1048576K
}
Event: 9.781 GC heap after
{Heap after GC invocations=33 (full 0):
 garbage-first heap   total 235520K, used 90099K [0x0000000080000000, 0x0000000100000000)
  region size 1024K, 6 young (6144K), 6 survivors (6144K)
 Metaspace       used 50568K, capacity 51987K, committed 52220K, reserved 1095680K
  class space    used 6468K, capacity 6971K, committed 7040K, reserved 1048576K
}
Event: 10.102 GC heap before
{Heap before GC invocations=33 (full 0):
 garbage-first heap   total 235520K, used 197619K [0x0000000080000000, 0x0000000100000000)
  region size 1024K, 111 young (113664K), 6 survivors (6144K)
 Metaspace       used 50568K, capacity 51987K, committed 52220K, reserved 1095680K
  class space    used 6468K, capacity 6971K, committed 7040K, reserved 1048576K
}
Event: 10.107 GC heap after
{Heap after GC invocations=34 (full 0):
 garbage-first heap   total 235520K, used 90935K [0x0000000080000000, 0x0000000100000000)
  region size 1024K, 7 young (7168K), 7 survivors (7168K)
 Metaspace       used 50568K, capacity 51987K, committed 52220K, reserved 1095680K
  class space    used 6468K, capacity 6971K, committed 7040K, reserved 1048576K
}
Event: 10.425 GC heap before
{Heap before GC invocations=34 (full 0):
 garbage-first heap   total 235520K, used 199479K [0x0000000080000000, 0x0000000100000000)
  region size 1024K, 113 young (115712K), 7 survivors (7168K)
 Metaspace       used 50568K, capacity 51987K, committed 52220K, reserved 1095680K
  class space    used 6468K, capacity 6971K, committed 7040K, reserved 1048576K
}
Event: 10.430 GC heap after
{Heap after GC invocations=35 (full 0):
 garbage-first heap   total 235520K, used 91845K [0x0000000080000000, 0x0000000100000000)
  region size 1024K, 7 young (7168K), 7 survivors (7168K)
 Metaspace       used 50568K, capacity 51987K, committed 52220K, reserved 1095680K
  class space    used 6468K, capacity 6971K, committed 7040K, reserved 1048576K
}
Event: 10.711 GC heap before
{Heap before GC invocations=35 (full 0):
 garbage-first heap   total 235520K, used 203461K [0x0000000080000000, 0x0000000100000000)
  region size 1024K, 116 young (118784K), 7 survivors (7168K)
 Metaspace       used 50571K, capacity 51987K, committed 52220K, reserved 1095680K
  class space    used 6468K, capacity 6971K, committed 7040K, reserved 1048576K
}
Event: 10.717 GC heap after
{Heap after GC invocations=36 (full 0):
 garbage-first heap   total 235520K, used 92449K [0x0000000080000000, 0x0000000100000000)
  region size 1024K, 8 young (8192K), 8 survivors (8192K)
 Metaspace       used 50571K, capacity 51987K, committed 52220K, reserved 1095680K
  class space    used 6468K, capacity 6971K, committed 7040K, reserved 1048576K
}
Event: 11.009 GC heap before
{Heap before GC invocations=36 (full 0):
 garbage-first heap   total 235520K, used 203041K [0x0000000080000000, 0x0000000100000000)
  region size 1024K, 116 young (118784K), 8 survivors (8192K)
 Metaspace       used 50572K, capacity 51987K, committed 52220K, reserved 1095680K
  class space    used 6468K, capacity 6971K, committed 7040K, reserved 1048576K
}
Event: 11.015 GC heap after
{Heap after GC invocations=37 (full 0):
 garbage-first heap   total 235520K, used 93365K [0x0000000080000000, 0x0000000100000000)
  region size 1024K, 9 young (9216K), 9 survivors (9216K)
 Metaspace       used 50572K, capacity 51987K, committed 52220K, reserved 1095680K
  class space    used 6468K, capacity 6971K, committed 7040K, reserved 1048576K
}
Event: 11.268 GC heap before
{Heap before GC invocations=37 (full 0):
 garbage-first heap   total 235520K, used 201909K [0x0000000080000000, 0x0000000100000000)
  region size 1024K, 115 young (117760K), 9 survivors (9216K)
 Metaspace       used 50573K, capacity 51987K, committed 52220K, reserved 1095680K
  class space    used 6468K, capacity 6971K, committed 7040K, reserved 1048576K
}
Event: 11.274 GC heap after
{Heap after GC invocations=38 (full 0):
 garbage-first heap   total 235520K, used 94614K [0x0000000080000000, 0x0000000100000000)
  region size 1024K, 8 young (8192K), 8 survivors (8192K)
 Metaspace       used 50573K, capacity 51987K, committed 52220K, reserved 1095680K
  class space    used 6468K, capacity 6971K, committed 7040K, reserved 1048576K
}
Event: 11.545 GC heap before
{Heap before GC invocations=38 (full 0):
 garbage-first heap   total 235520K, used 203158K [0x0000000080000000, 0x0000000100000000)
  region size 1024K, 114 young (116736K), 8 survivors (8192K)
 Metaspace       used 50573K, capacity 51987K, committed 52220K, reserved 1095680K
  class space    used 6468K, capacity 6971K, committed 7040K, reserved 1048576K
}
Event: 11.554 GC heap after
{Heap after GC invocations=39 (full 0):
 garbage-first heap   total 282624K, used 95146K [0x0000000080000000, 0x0000000100000000)
  region size 1024K, 9 young (9216K), 9 survivors (9216K)
 Metaspace       used 50573K, capacity 51987K, committed 52220K, reserved 1095680K
  class space    used 6468K, capacity 6971K, committed 7040K, reserved 1048576K
}

