# JRE version: OpenJDK Runtime Environment (11.0.15) (build 11.0.15+0-b2043.56-9505619)
# Java VM: OpenJDK 64-Bit Server VM (11.0.15+0-b2043.56-9505619, mixed mode, tiered, compressed oops, g1 gc, windows-amd64)
Heap:
 garbage-first heap   total 155648K, used 123350K [0x0000000080000000, 0x0000000100000000)
  region size 1024K, 22 young (22528K), 3 survivors (3072K)
 Metaspace       used 102632K, capacity 105266K, committed 105500K, reserved 1140736K
  class space    used 13374K, capacity 14369K, committed 14464K, reserved 1048576K
GC Heap History (20 events):
Event: 19.685 GC heap before
{Heap before GC invocations=22 (full 0):
 garbage-first heap   total 155648K, used 126219K [0x0000000080000000, 0x0000000100000000)
  region size 1024K, 46 young (47104K), 7 survivors (7168K)
 Metaspace       used 92838K, capacity 95451K, committed 95644K, reserved 1132544K
  class space    used 12219K, capacity 13212K, committed 13312K, reserved 1048576K
}
Event: 19.693 GC heap after
{Heap after GC invocations=23 (full 0):
 garbage-first heap   total 155648K, used 90112K [0x0000000080000000, 0x0000000100000000)
  region size 1024K, 3 young (3072K), 3 survivors (3072K)
 Metaspace       used 92838K, capacity 95451K, committed 95644K, reserved 1132544K
  class space    used 12219K, capacity 13212K, committed 13312K, reserved 1048576K
}
Event: 20.138 GC heap before
{Heap before GC invocations=23 (full 0):
 garbage-first heap   total 155648K, used 128000K [0x0000000080000000, 0x0000000100000000)
  region size 1024K, 41 young (41984K), 3 survivors (3072K)
 Metaspace       used 93154K, capacity 95742K, committed 95900K, reserved 1132544K
  class space    used 12221K, capacity 13214K, committed 13312K, reserved 1048576K
}
Event: 20.145 GC heap after
{Heap after GC invocations=24 (full 0):
 garbage-first heap   total 155648K, used 92131K [0x0000000080000000, 0x0000000100000000)
  region size 1024K, 5 young (5120K), 5 survivors (5120K)
 Metaspace       used 93154K, capacity 95742K, committed 95900K, reserved 1132544K
  class space    used 12221K, capacity 13214K, committed 13312K, reserved 1048576K
}
Event: 22.683 GC heap before
{Heap before GC invocations=25 (full 0):
 garbage-first heap   total 155648K, used 128995K [0x0000000080000000, 0x0000000100000000)
  region size 1024K, 42 young (43008K), 5 survivors (5120K)
 Metaspace       used 93596K, capacity 96189K, committed 96412K, reserved 1132544K
  class space    used 12256K, capacity 13263K, committed 13312K, reserved 1048576K
}
Event: 22.689 GC heap after
{Heap after GC invocations=26 (full 0):
 garbage-first heap   total 155648K, used 94595K [0x0000000080000000, 0x0000000100000000)
  region size 1024K, 5 young (5120K), 5 survivors (5120K)
 Metaspace       used 93596K, capacity 96189K, committed 96412K, reserved 1132544K
  class space    used 12256K, capacity 13263K, committed 13312K, reserved 1048576K
}
Event: 23.112 GC heap before
{Heap before GC invocations=26 (full 0):
 garbage-first heap   total 155648K, used 129411K [0x0000000080000000, 0x0000000100000000)
  region size 1024K, 40 young (40960K), 5 survivors (5120K)
 Metaspace       used 93976K, capacity 96553K, committed 96668K, reserved 1132544K
  class space    used 12279K, capacity 13292K, committed 13312K, reserved 1048576K
}
Event: 23.119 GC heap after
{Heap after GC invocations=27 (full 0):
 garbage-first heap   total 155648K, used 97163K [0x0000000080000000, 0x0000000100000000)
  region size 1024K, 5 young (5120K), 5 survivors (5120K)
 Metaspace       used 93976K, capacity 96553K, committed 96668K, reserved 1132544K
  class space    used 12279K, capacity 13292K, committed 13312K, reserved 1048576K
}
Event: 24.095 GC heap before
{Heap before GC invocations=28 (full 0):
 garbage-first heap   total 155648K, used 129931K [0x0000000080000000, 0x0000000100000000)
  region size 1024K, 38 young (38912K), 5 survivors (5120K)
 Metaspace       used 93899K, capacity 96316K, committed 96924K, reserved 1132544K
  class space    used 12212K, capacity 13139K, committed 13312K, reserved 1048576K
}
Event: 24.100 GC heap after
{Heap after GC invocations=29 (full 0):
 garbage-first heap   total 155648K, used 99130K [0x0000000080000000, 0x0000000100000000)
  region size 1024K, 2 young (2048K), 2 survivors (2048K)
 Metaspace       used 93899K, capacity 96316K, committed 96924K, reserved 1132544K
  class space    used 12212K, capacity 13139K, committed 13312K, reserved 1048576K
}
Event: 24.433 GC heap before
{Heap before GC invocations=29 (full 0):
 garbage-first heap   total 155648K, used 130874K [0x0000000080000000, 0x0000000100000000)
  region size 1024K, 34 young (34816K), 2 survivors (2048K)
 Metaspace       used 96176K, capacity 98684K, committed 99356K, reserved 1134592K
  class space    used 12535K, capacity 13480K, committed 13696K, reserved 1048576K
}
Event: 24.438 GC heap after
{Heap after GC invocations=30 (full 0):
 garbage-first heap   total 155648K, used 99805K [0x0000000080000000, 0x0000000100000000)
  region size 1024K, 3 young (3072K), 3 survivors (3072K)
 Metaspace       used 96176K, capacity 98684K, committed 99356K, reserved 1134592K
  class space    used 12535K, capacity 13480K, committed 13696K, reserved 1048576K
}
Event: 24.701 GC heap before
{Heap before GC invocations=31 (full 0):
 garbage-first heap   total 155648K, used 132573K [0x0000000080000000, 0x0000000100000000)
  region size 1024K, 35 young (35840K), 3 survivors (3072K)
 Metaspace       used 98496K, capacity 100988K, committed 101660K, reserved 1136640K
  class space    used 12817K, capacity 13736K, committed 13952K, reserved 1048576K
}
Event: 24.705 GC heap after
{Heap after GC invocations=32 (full 0):
 garbage-first heap   total 155648K, used 100693K [0x0000000080000000, 0x0000000100000000)
  region size 1024K, 4 young (4096K), 4 survivors (4096K)
 Metaspace       used 98496K, capacity 100988K, committed 101660K, reserved 1136640K
  class space    used 12817K, capacity 13736K, committed 13952K, reserved 1048576K
}
Event: 25.011 GC heap before
{Heap before GC invocations=32 (full 0):
 garbage-first heap   total 155648K, used 132437K [0x0000000080000000, 0x0000000100000000)
  region size 1024K, 35 young (35840K), 4 survivors (4096K)
 Metaspace       used 100669K, capacity 103195K, committed 103708K, reserved 1138688K
  class space    used 13067K, capacity 13998K, committed 14208K, reserved 1048576K
}
Event: 25.018 GC heap after
{Heap after GC invocations=33 (full 0):
 garbage-first heap   total 155648K, used 102973K [0x0000000080000000, 0x0000000100000000)
  region size 1024K, 5 young (5120K), 5 survivors (5120K)
 Metaspace       used 100669K, capacity 103195K, committed 103708K, reserved 1138688K
  class space    used 13067K, capacity 13998K, committed 14208K, reserved 1048576K
}
Event: 25.429 GC heap before
{Heap before GC invocations=34 (full 0):
 garbage-first heap   total 155648K, used 131645K [0x0000000080000000, 0x0000000100000000)
  region size 1024K, 34 young (34816K), 5 survivors (5120K)
 Metaspace       used 101246K, capacity 103765K, committed 103964K, reserved 1138688K
  class space    used 13164K, capacity 14104K, committed 14208K, reserved 1048576K
}
Event: 25.441 GC heap after
{Heap after GC invocations=35 (full 0):
 garbage-first heap   total 155648K, used 104377K [0x0000000080000000, 0x0000000100000000)
  region size 1024K, 4 young (4096K), 4 survivors (4096K)
 Metaspace       used 101246K, capacity 103765K, committed 103964K, reserved 1138688K
  class space    used 13164K, capacity 14104K, committed 14208K, reserved 1048576K
}
Event: 25.783 GC heap before
{Heap before GC invocations=35 (full 0):
 garbage-first heap   total 155648K, used 132025K [0x0000000080000000, 0x0000000100000000)
  region size 1024K, 32 young (32768K), 4 survivors (4096K)
 Metaspace       used 101298K, capacity 103847K, committed 104220K, reserved 1138688K
  class space    used 13167K, capacity 14107K, committed 14208K, reserved 1048576K
}
Event: 25.789 GC heap after
{Heap after GC invocations=36 (full 0):
 garbage-first heap   total 155648K, used 105942K [0x0000000080000000, 0x0000000100000000)
  region size 1024K, 3 young (3072K), 3 survivors (3072K)
 Metaspace       used 101298K, capacity 103847K, committed 104220K, reserved 1138688K
  class space    used 13167K, capacity 14107K, committed 14208K, reserved 1048576K
}

