# JRE version: OpenJDK Runtime Environment (17.0.6) (build 17.0.6+0-b2043.56-9586694)
# Java VM: OpenJDK 64-Bit Server VM (17.0.6+0-b2043.56-9586694, mixed mode, tiered, compressed oops, compressed class ptrs, g1 gc, windows-amd64)
GC Precious Log:
 CPUs: 8 total, 8 available
 Memory: 8037M
 Large Page Support: Disabled
 NUMA Support: Disabled
 Compressed Oops: Enabled (32-bit)
 Heap Region Size: 1M
 Heap Min Capacity: 8M
 Heap Initial Capacity: 126M
 Heap Max Capacity: 2G
 Pre-touch: Disabled
 Parallel Workers: 8
 Concurrent Workers: 2
 Concurrent Refinement Workers: 8
 Periodic GC: Disabled
Heap:
 garbage-first heap   total 516096K, used 280855K [0x0000000080000000, 0x0000000100000000)
  region size 1024K, 148 young (151552K), 6 survivors (6144K)
 Metaspace       used 52520K, committed 52992K, reserved 1097728K
  class space    used 6961K, committed 7168K, reserved 1048576K
GC Heap History (20 events):
Event: 22.211 GC heap before
{Heap before GC invocations=70 (full 0):
 garbage-first heap   total 449536K, used 378355K [0x0000000080000000, 0x0000000100000000)
  region size 1024K, 263 young (269312K), 18 survivors (18432K)
 Metaspace       used 51874K, committed 52352K, reserved 1097728K
  class space    used 6889K, committed 7104K, reserved 1048576K
}
Event: 22.225 GC heap after
{Heap after GC invocations=71 (full 0):
 garbage-first heap   total 449536K, used 129791K [0x0000000080000000, 0x0000000100000000)
  region size 1024K, 19 young (19456K), 19 survivors (19456K)
 Metaspace       used 51874K, committed 52352K, reserved 1097728K
  class space    used 6889K, committed 7104K, reserved 1048576K
}
Event: 22.609 GC heap before
{Heap before GC invocations=71 (full 0):
 garbage-first heap   total 449536K, used 379647K [0x0000000080000000, 0x0000000100000000)
  region size 1024K, 263 young (269312K), 19 survivors (19456K)
 Metaspace       used 51874K, committed 52352K, reserved 1097728K
  class space    used 6889K, committed 7104K, reserved 1048576K
}
Event: 22.623 GC heap after
{Heap after GC invocations=72 (full 0):
 garbage-first heap   total 449536K, used 132872K [0x0000000080000000, 0x0000000100000000)
  region size 1024K, 20 young (20480K), 20 survivors (20480K)
 Metaspace       used 51874K, committed 52352K, reserved 1097728K
  class space    used 6889K, committed 7104K, reserved 1048576K
}
Event: 23.156 GC heap before
{Heap before GC invocations=72 (full 0):
 garbage-first heap   total 449536K, used 381704K [0x0000000080000000, 0x0000000100000000)
  region size 1024K, 263 young (269312K), 20 survivors (20480K)
 Metaspace       used 51874K, committed 52352K, reserved 1097728K
  class space    used 6889K, committed 7104K, reserved 1048576K
}
Event: 23.171 GC heap after
{Heap after GC invocations=73 (full 0):
 garbage-first heap   total 449536K, used 134319K [0x0000000080000000, 0x0000000100000000)
  region size 1024K, 19 young (19456K), 19 survivors (19456K)
 Metaspace       used 51874K, committed 52352K, reserved 1097728K
  class space    used 6889K, committed 7104K, reserved 1048576K
}
Event: 23.566 GC heap before
{Heap before GC invocations=73 (full 0):
 garbage-first heap   total 449536K, used 397487K [0x0000000080000000, 0x0000000100000000)
  region size 1024K, 263 young (269312K), 19 survivors (19456K)
 Metaspace       used 51874K, committed 52352K, reserved 1097728K
  class space    used 6889K, committed 7104K, reserved 1048576K
}
Event: 23.580 GC heap after
{Heap after GC invocations=74 (full 0):
 garbage-first heap   total 449536K, used 137042K [0x0000000080000000, 0x0000000100000000)
  region size 1024K, 19 young (19456K), 19 survivors (19456K)
 Metaspace       used 51874K, committed 52352K, reserved 1097728K
  class space    used 6889K, committed 7104K, reserved 1048576K
}
Event: 25.310 GC heap before
{Heap before GC invocations=74 (full 0):
 garbage-first heap   total 449536K, used 407378K [0x0000000080000000, 0x0000000100000000)
  region size 1024K, 260 young (266240K), 19 survivors (19456K)
 Metaspace       used 51892K, committed 52352K, reserved 1097728K
  class space    used 6889K, committed 7104K, reserved 1048576K
}
Event: 25.313 GC heap after
{Heap after GC invocations=75 (full 0):
 garbage-first heap   total 516096K, used 126671K [0x0000000080000000, 0x0000000100000000)
  region size 1024K, 6 young (6144K), 6 survivors (6144K)
 Metaspace       used 51892K, committed 52352K, reserved 1097728K
  class space    used 6889K, committed 7104K, reserved 1048576K
}
Event: 25.857 GC heap before
{Heap before GC invocations=75 (full 0):
 garbage-first heap   total 516096K, used 429775K [0x0000000080000000, 0x0000000100000000)
  region size 1024K, 302 young (309248K), 6 survivors (6144K)
 Metaspace       used 51892K, committed 52352K, reserved 1097728K
  class space    used 6889K, committed 7104K, reserved 1048576K
}
Event: 25.861 GC heap after
{Heap after GC invocations=76 (full 0):
 garbage-first heap   total 516096K, used 128612K [0x0000000080000000, 0x0000000100000000)
  region size 1024K, 8 young (8192K), 8 survivors (8192K)
 Metaspace       used 51892K, committed 52352K, reserved 1097728K
  class space    used 6889K, committed 7104K, reserved 1048576K
}
Event: 26.388 GC heap before
{Heap before GC invocations=76 (full 0):
 garbage-first heap   total 516096K, used 429668K [0x0000000080000000, 0x0000000100000000)
  region size 1024K, 302 young (309248K), 8 survivors (8192K)
 Metaspace       used 51894K, committed 52352K, reserved 1097728K
  class space    used 6889K, committed 7104K, reserved 1048576K
}
Event: 26.393 GC heap after
{Heap after GC invocations=77 (full 0):
 garbage-first heap   total 516096K, used 131844K [0x0000000080000000, 0x0000000100000000)
  region size 1024K, 11 young (11264K), 11 survivors (11264K)
 Metaspace       used 51894K, committed 52352K, reserved 1097728K
  class space    used 6889K, committed 7104K, reserved 1048576K
}
Event: 26.883 GC heap before
{Heap before GC invocations=77 (full 0):
 garbage-first heap   total 516096K, used 429828K [0x0000000080000000, 0x0000000100000000)
  region size 1024K, 302 young (309248K), 11 survivors (11264K)
 Metaspace       used 51894K, committed 52352K, reserved 1097728K
  class space    used 6889K, committed 7104K, reserved 1048576K
}
Event: 26.887 GC heap after
{Heap after GC invocations=78 (full 0):
 garbage-first heap   total 516096K, used 136126K [0x0000000080000000, 0x0000000100000000)
  region size 1024K, 15 young (15360K), 15 survivors (15360K)
 Metaspace       used 51894K, committed 52352K, reserved 1097728K
  class space    used 6889K, committed 7104K, reserved 1048576K
}
Event: 27.416 GC heap before
{Heap before GC invocations=78 (full 0):
 garbage-first heap   total 516096K, used 430014K [0x0000000080000000, 0x0000000100000000)
  region size 1024K, 302 young (309248K), 15 survivors (15360K)
 Metaspace       used 51894K, committed 52352K, reserved 1097728K
  class space    used 6889K, committed 7104K, reserved 1048576K
}
Event: 27.422 GC heap after
{Heap after GC invocations=79 (full 0):
 garbage-first heap   total 516096K, used 140475K [0x0000000080000000, 0x0000000100000000)
  region size 1024K, 19 young (19456K), 19 survivors (19456K)
 Metaspace       used 51894K, committed 52352K, reserved 1097728K
  class space    used 6889K, committed 7104K, reserved 1048576K
}
Event: 28.033 GC heap before
{Heap before GC invocations=79 (full 0):
 garbage-first heap   total 516096K, used 433339K [0x0000000080000000, 0x0000000100000000)
  region size 1024K, 302 young (309248K), 19 survivors (19456K)
 Metaspace       used 51900K, committed 52352K, reserved 1097728K
  class space    used 6889K, committed 7104K, reserved 1048576K
}
Event: 28.035 GC heap after
{Heap after GC invocations=80 (full 0):
 garbage-first heap   total 516096K, used 117015K [0x0000000080000000, 0x0000000100000000)
  region size 1024K, 6 young (6144K), 6 survivors (6144K)
 Metaspace       used 51900K, committed 52352K, reserved 1097728K
  class space    used 6889K, committed 7104K, reserved 1048576K
}

