# JRE version: OpenJDK Runtime Environment (11.0.15) (build 11.0.15+0-b2043.56-9505619)
# Java VM: OpenJDK 64-Bit Server VM (11.0.15+0-b2043.56-9505619, mixed mode, tiered, compressed oops, g1 gc, windows-amd64)
Heap:
 garbage-first heap   total 155648K, used 92158K [0x0000000080000000, 0x0000000100000000)
  region size 1024K, 35 young (35840K), 6 survivors (6144K)
 Metaspace       used 71864K, capacity 73556K, committed 73948K, reserved 1114112K
  class space    used 9285K, capacity 9932K, committed 10072K, reserved 1048576K
GC Heap History (20 events):
Event: 2.846 GC heap before
{Heap before GC invocations=2 (full 0):
 garbage-first heap   total 129024K, used 40872K [0x0000000080000000, 0x0000000100000000)
  region size 1024K, 35 young (35840K), 10 survivors (10240K)
 Metaspace       used 20764K, capacity 21197K, committed 21296K, reserved 1069056K
  class space    used 2525K, capacity 2687K, committed 2688K, reserved 1048576K
}
Event: 2.858 GC heap after
{Heap after GC invocations=3 (full 0):
 garbage-first heap   total 129024K, used 17161K [0x0000000080000000, 0x0000000100000000)
  region size 1024K, 2 young (2048K), 2 survivors (2048K)
 Metaspace       used 20764K, capacity 21197K, committed 21296K, reserved 1069056K
  class space    used 2525K, capacity 2687K, committed 2688K, reserved 1048576K
}
Event: 3.610 GC heap before
{Heap before GC invocations=4 (full 0):
 garbage-first heap   total 129024K, used 76553K [0x0000000080000000, 0x0000000100000000)
  region size 1024K, 60 young (61440K), 2 survivors (2048K)
 Metaspace       used 27043K, capacity 27653K, committed 27772K, reserved 1073152K
  class space    used 3520K, capacity 3768K, committed 3788K, reserved 1048576K
}
Event: 3.613 GC heap after
{Heap after GC invocations=5 (full 0):
 garbage-first heap   total 129024K, used 18986K [0x0000000080000000, 0x0000000100000000)
  region size 1024K, 3 young (3072K), 3 survivors (3072K)
 Metaspace       used 27043K, capacity 27653K, committed 27772K, reserved 1073152K
  class space    used 3520K, capacity 3768K, committed 3788K, reserved 1048576K
}
Event: 4.453 GC heap before
{Heap before GC invocations=5 (full 0):
 garbage-first heap   total 129024K, used 82474K [0x0000000080000000, 0x0000000100000000)
  region size 1024K, 66 young (67584K), 3 survivors (3072K)
 Metaspace       used 35080K, capacity 35957K, committed 36048K, reserved 1081344K
  class space    used 4571K, capacity 4921K, committed 4940K, reserved 1048576K
}
Event: 4.461 GC heap after
{Heap after GC invocations=6 (full 0):
 garbage-first heap   total 129024K, used 22395K [0x0000000080000000, 0x0000000100000000)
  region size 1024K, 7 young (7168K), 7 survivors (7168K)
 Metaspace       used 35080K, capacity 35957K, committed 36048K, reserved 1081344K
  class space    used 4571K, capacity 4921K, committed 4940K, reserved 1048576K
}
Event: 5.158 GC heap before
{Heap before GC invocations=7 (full 0):
 garbage-first heap   total 129024K, used 91003K [0x0000000080000000, 0x0000000100000000)
  region size 1024K, 71 young (72704K), 7 survivors (7168K)
 Metaspace       used 40989K, capacity 41985K, committed 42140K, reserved 1085440K
  class space    used 5205K, capacity 5560K, committed 5656K, reserved 1048576K
}
Event: 5.169 GC heap after
{Heap after GC invocations=8 (full 0):
 garbage-first heap   total 129024K, used 28610K [0x0000000080000000, 0x0000000100000000)
  region size 1024K, 9 young (9216K), 9 survivors (9216K)
 Metaspace       used 40989K, capacity 41985K, committed 42140K, reserved 1085440K
  class space    used 5205K, capacity 5560K, committed 5656K, reserved 1048576K
}
Event: 5.789 GC heap before
{Heap before GC invocations=9 (full 0):
 garbage-first heap   total 129024K, used 93122K [0x0000000080000000, 0x0000000100000000)
  region size 1024K, 72 young (73728K), 9 survivors (9216K)
 Metaspace       used 46448K, capacity 47542K, committed 47772K, reserved 1091584K
  class space    used 5932K, capacity 6335K, committed 6424K, reserved 1048576K
}
Event: 5.799 GC heap after
{Heap after GC invocations=10 (full 0):
 garbage-first heap   total 155648K, used 30999K [0x0000000080000000, 0x0000000100000000)
  region size 1024K, 4 young (4096K), 4 survivors (4096K)
 Metaspace       used 46448K, capacity 47542K, committed 47772K, reserved 1091584K
  class space    used 5932K, capacity 6335K, committed 6424K, reserved 1048576K
}
Event: 6.721 GC heap before
{Heap before GC invocations=10 (full 0):
 garbage-first heap   total 155648K, used 115991K [0x0000000080000000, 0x0000000100000000)
  region size 1024K, 79 young (80896K), 4 survivors (4096K)
 Metaspace       used 49764K, capacity 51155K, committed 51356K, reserved 1093632K
  class space    used 6332K, capacity 6864K, committed 6936K, reserved 1048576K
}
Event: 6.727 GC heap after
{Heap after GC invocations=11 (full 0):
 garbage-first heap   total 155648K, used 49108K [0x0000000080000000, 0x0000000100000000)
  region size 1024K, 10 young (10240K), 10 survivors (10240K)
 Metaspace       used 49764K, capacity 51155K, committed 51356K, reserved 1093632K
  class space    used 6332K, capacity 6864K, committed 6936K, reserved 1048576K
}
Event: 7.604 GC heap before
{Heap before GC invocations=11 (full 0):
 garbage-first heap   total 155648K, used 116692K [0x0000000080000000, 0x0000000100000000)
  region size 1024K, 76 young (77824K), 10 survivors (10240K)
 Metaspace       used 58641K, capacity 60171K, committed 60316K, reserved 1101824K
  class space    used 7466K, capacity 8079K, committed 8216K, reserved 1048576K
}
Event: 7.611 GC heap after
{Heap after GC invocations=12 (full 0):
 garbage-first heap   total 155648K, used 52124K [0x0000000080000000, 0x0000000100000000)
  region size 1024K, 3 young (3072K), 3 survivors (3072K)
 Metaspace       used 58641K, capacity 60171K, committed 60316K, reserved 1101824K
  class space    used 7466K, capacity 8079K, committed 8216K, reserved 1048576K
}
Event: 8.305 GC heap before
{Heap before GC invocations=12 (full 0):
 garbage-first heap   total 155648K, used 125852K [0x0000000080000000, 0x0000000100000000)
  region size 1024K, 68 young (69632K), 3 survivors (3072K)
 Metaspace       used 63987K, capacity 65620K, committed 65820K, reserved 1105920K
  class space    used 8131K, capacity 8772K, committed 8856K, reserved 1048576K
}
Event: 8.310 GC heap after
{Heap after GC invocations=13 (full 0):
 garbage-first heap   total 155648K, used 57936K [0x0000000080000000, 0x0000000100000000)
  region size 1024K, 9 young (9216K), 9 survivors (9216K)
 Metaspace       used 63987K, capacity 65620K, committed 65820K, reserved 1105920K
  class space    used 8131K, capacity 8772K, committed 8856K, reserved 1048576K
}
Event: 8.951 GC heap before
{Heap before GC invocations=13 (full 0):
 garbage-first heap   total 155648K, used 121424K [0x0000000080000000, 0x0000000100000000)
  region size 1024K, 71 young (72704K), 9 survivors (9216K)
 Metaspace       used 68055K, capacity 69640K, committed 69916K, reserved 1110016K
  class space    used 8637K, capacity 9265K, committed 9368K, reserved 1048576K
}
Event: 8.959 GC heap after
{Heap after GC invocations=14 (full 0):
 garbage-first heap   total 155648K, used 62144K [0x0000000080000000, 0x0000000100000000)
  region size 1024K, 5 young (5120K), 5 survivors (5120K)
 Metaspace       used 68055K, capacity 69640K, committed 69916K, reserved 1110016K
  class space    used 8637K, capacity 9265K, committed 9368K, reserved 1048576K
}
Event: 9.128 GC heap before
{Heap before GC invocations=14 (full 0):
 garbage-first heap   total 155648K, used 87744K [0x0000000080000000, 0x0000000100000000)
  region size 1024K, 31 young (31744K), 5 survivors (5120K)
 Metaspace       used 68450K, capacity 70127K, committed 70236K, reserved 1110016K
  class space    used 8681K, capacity 9365K, committed 9432K, reserved 1048576K
}
Event: 9.133 GC heap after
{Heap after GC invocations=15 (full 0):
 garbage-first heap   total 155648K, used 63486K [0x0000000080000000, 0x0000000100000000)
  region size 1024K, 6 young (6144K), 6 survivors (6144K)
 Metaspace       used 68450K, capacity 70127K, committed 70236K, reserved 1110016K
  class space    used 8681K, capacity 9365K, committed 9432K, reserved 1048576K
}

