# JRE version: OpenJDK Runtime Environment (11.0.15) (build 11.0.15+0-b2043.56-9505619)
# Java VM: OpenJDK 64-Bit Server VM (11.0.15+0-b2043.56-9505619, mixed mode, tiered, compressed oops, g1 gc, windows-amd64)
Heap:
 garbage-first heap   total 155648K, used 108165K [0x0000000080000000, 0x0000000100000000)
  region size 1024K, 51 young (52224K), 8 survivors (8192K)
 Metaspace       used 76857K, capacity 78575K, committed 78640K, reserved 1118208K
  class space    used 10016K, capacity 10710K, committed 10752K, reserved 1048576K
GC Heap History (20 events):
Event: 3.562 GC heap before
{Heap before GC invocations=5 (full 0):
 garbage-first heap   total 129024K, used 75083K [0x0000000080000000, 0x0000000100000000)
  region size 1024K, 58 young (59392K), 3 survivors (3072K)
 Metaspace       used 31148K, capacity 31841K, committed 31872K, reserved 1077248K
  class space    used 4177K, capacity 4463K, committed 4480K, reserved 1048576K
}
Event: 3.566 GC heap after
{Heap after GC invocations=6 (full 0):
 garbage-first heap   total 129024K, used 20341K [0x0000000080000000, 0x0000000100000000)
  region size 1024K, 5 young (5120K), 5 survivors (5120K)
 Metaspace       used 31148K, capacity 31841K, committed 31872K, reserved 1077248K
  class space    used 4177K, capacity 4463K, committed 4480K, reserved 1048576K
}
Event: 3.910 GC heap before
{Heap before GC invocations=6 (full 0):
 garbage-first heap   total 129024K, used 36725K [0x0000000080000000, 0x0000000100000000)
  region size 1024K, 22 young (22528K), 5 survivors (5120K)
 Metaspace       used 34991K, capacity 35893K, committed 35968K, reserved 1081344K
  class space    used 4570K, capacity 4921K, committed 4992K, reserved 1048576K
}
Event: 3.921 GC heap after
{Heap after GC invocations=7 (full 0):
 garbage-first heap   total 129024K, used 22536K [0x0000000080000000, 0x0000000100000000)
  region size 1024K, 6 young (6144K), 6 survivors (6144K)
 Metaspace       used 34991K, capacity 35893K, committed 35968K, reserved 1081344K
  class space    used 4570K, capacity 4921K, committed 4992K, reserved 1048576K
}
Event: 4.597 GC heap before
{Heap before GC invocations=8 (full 0):
 garbage-first heap   total 129024K, used 86024K [0x0000000080000000, 0x0000000100000000)
  region size 1024K, 65 young (66560K), 6 survivors (6144K)
 Metaspace       used 40658K, capacity 41623K, committed 41884K, reserved 1085440K
  class space    used 5148K, capacity 5523K, committed 5632K, reserved 1048576K
}
Event: 4.611 GC heap after
{Heap after GC invocations=9 (full 0):
 garbage-first heap   total 129024K, used 28360K [0x0000000080000000, 0x0000000100000000)
  region size 1024K, 9 young (9216K), 9 survivors (9216K)
 Metaspace       used 40658K, capacity 41623K, committed 41884K, reserved 1085440K
  class space    used 5148K, capacity 5523K, committed 5632K, reserved 1048576K
}
Event: 5.337 GC heap before
{Heap before GC invocations=10 (full 0):
 garbage-first heap   total 129024K, used 88776K [0x0000000080000000, 0x0000000100000000)
  region size 1024K, 67 young (68608K), 9 survivors (9216K)
 Metaspace       used 45795K, capacity 46884K, committed 47132K, reserved 1089536K
  class space    used 5840K, capacity 6265K, committed 6272K, reserved 1048576K
}
Event: 5.346 GC heap after
{Heap after GC invocations=11 (full 0):
 garbage-first heap   total 155648K, used 30936K [0x0000000080000000, 0x0000000100000000)
  region size 1024K, 4 young (4096K), 4 survivors (4096K)
 Metaspace       used 45795K, capacity 46884K, committed 47132K, reserved 1089536K
  class space    used 5840K, capacity 6265K, committed 6272K, reserved 1048576K
}
Event: 6.071 GC heap before
{Heap before GC invocations=11 (full 0):
 garbage-first heap   total 155648K, used 104664K [0x0000000080000000, 0x0000000100000000)
  region size 1024K, 76 young (77824K), 4 survivors (4096K)
 Metaspace       used 49271K, capacity 50562K, committed 50844K, reserved 1093632K
  class space    used 6285K, capacity 6807K, committed 6912K, reserved 1048576K
}
Event: 6.076 GC heap after
{Heap after GC invocations=12 (full 0):
 garbage-first heap   total 155648K, used 33750K [0x0000000080000000, 0x0000000100000000)
  region size 1024K, 7 young (7168K), 7 survivors (7168K)
 Metaspace       used 49271K, capacity 50562K, committed 50844K, reserved 1093632K
  class space    used 6285K, capacity 6807K, committed 6912K, reserved 1048576K
}
Event: 7.085 GC heap before
{Heap before GC invocations=12 (full 0):
 garbage-first heap   total 155648K, used 116694K [0x0000000080000000, 0x0000000100000000)
  region size 1024K, 80 young (81920K), 7 survivors (7168K)
 Metaspace       used 57483K, capacity 59114K, committed 59420K, reserved 1101824K
  class space    used 7319K, capacity 7941K, committed 8064K, reserved 1048576K
}
Event: 7.092 GC heap after
{Heap after GC invocations=13 (full 0):
 garbage-first heap   total 155648K, used 50416K [0x0000000080000000, 0x0000000100000000)
  region size 1024K, 10 young (10240K), 10 survivors (10240K)
 Metaspace       used 57483K, capacity 59114K, committed 59420K, reserved 1101824K
  class space    used 7319K, capacity 7941K, committed 8064K, reserved 1048576K
}
Event: 7.915 GC heap before
{Heap before GC invocations=13 (full 0):
 garbage-first heap   total 155648K, used 123120K [0x0000000080000000, 0x0000000100000000)
  region size 1024K, 74 young (75776K), 10 survivors (10240K)
 Metaspace       used 63286K, capacity 64911K, committed 65180K, reserved 1105920K
  class space    used 8022K, capacity 8686K, committed 8704K, reserved 1048576K
}
Event: 7.922 GC heap after
{Heap after GC invocations=14 (full 0):
 garbage-first heap   total 155648K, used 57180K [0x0000000080000000, 0x0000000100000000)
  region size 1024K, 7 young (7168K), 7 survivors (7168K)
 Metaspace       used 63286K, capacity 64911K, committed 65180K, reserved 1105920K
  class space    used 8022K, capacity 8686K, committed 8704K, reserved 1048576K
}
Event: 8.631 GC heap before
{Heap before GC invocations=14 (full 0):
 garbage-first heap   total 155648K, used 118620K [0x0000000080000000, 0x0000000100000000)
  region size 1024K, 67 young (68608K), 7 survivors (7168K)
 Metaspace       used 68047K, capacity 69672K, committed 69808K, reserved 1110016K
  class space    used 8643K, capacity 9276K, committed 9344K, reserved 1048576K
}
Event: 8.638 GC heap after
{Heap after GC invocations=15 (full 0):
 garbage-first heap   total 155648K, used 61319K [0x0000000080000000, 0x0000000100000000)
  region size 1024K, 5 young (5120K), 5 survivors (5120K)
 Metaspace       used 68047K, capacity 69672K, committed 69808K, reserved 1110016K
  class space    used 8643K, capacity 9276K, committed 9344K, reserved 1048576K
}
Event: 8.698 GC heap before
{Heap before GC invocations=15 (full 0):
 garbage-first heap   total 155648K, used 71559K [0x0000000080000000, 0x0000000100000000)
  region size 1024K, 16 young (16384K), 5 survivors (5120K)
 Metaspace       used 68055K, capacity 69672K, committed 69808K, reserved 1110016K
  class space    used 8644K, capacity 9276K, committed 9344K, reserved 1048576K
}
Event: 8.705 GC heap after
{Heap after GC invocations=16 (full 0):
 garbage-first heap   total 155648K, used 61270K [0x0000000080000000, 0x0000000100000000)
  region size 1024K, 5 young (5120K), 5 survivors (5120K)
 Metaspace       used 68055K, capacity 69672K, committed 69808K, reserved 1110016K
  class space    used 8644K, capacity 9276K, committed 9344K, reserved 1048576K
}
Event: 9.415 GC heap before
{Heap before GC invocations=17 (full 0):
 garbage-first heap   total 155648K, used 123734K [0x0000000080000000, 0x0000000100000000)
  region size 1024K, 66 young (67584K), 5 survivors (5120K)
 Metaspace       used 72866K, capacity 74522K, committed 74800K, reserved 1114112K
  class space    used 9476K, capacity 10145K, committed 10240K, reserved 1048576K
}
Event: 9.422 GC heap after
{Heap after GC invocations=18 (full 0):
 garbage-first heap   total 155648K, used 65157K [0x0000000080000000, 0x0000000100000000)
  region size 1024K, 8 young (8192K), 8 survivors (8192K)
 Metaspace       used 72866K, capacity 74522K, committed 74800K, reserved 1114112K
  class space    used 9476K, capacity 10145K, committed 10240K, reserved 1048576K
}

