# JRE version: OpenJDK Runtime Environment (11.0.15) (build 11.0.15+0-b2043.56-9505619)
# Java VM: OpenJDK 64-Bit Server VM (11.0.15+0-b2043.56-9505619, mixed mode, tiered, compressed oops, g1 gc, windows-amd64)
Heap:
 garbage-first heap   total 155648K, used 56786K [0x0000000082600000, 0x0000000100000000)
  region size 1024K, 33 young (33792K), 6 survivors (6144K)
 Metaspace       used 47938K, capacity 48436K, committed 48688K, reserved 1095680K
  class space    used 5615K, capacity 5812K, committed 5936K, reserved 1048576K
GC Heap History (10 events):
Event: 0.583 GC heap before
{Heap before GC invocations=0 (full 0):
 garbage-first heap   total 129024K, used 28672K [0x0000000082600000, 0x0000000100000000)
  region size 1024K, 24 young (24576K), 0 survivors (0K)
 Metaspace       used 12130K, capacity 12280K, committed 12544K, reserved 1060864K
  class space    used 1120K, capacity 1175K, committed 1280K, reserved 1048576K
}
Event: 0.586 GC heap after
{Heap after GC invocations=1 (full 0):
 garbage-first heap   total 129024K, used 6676K [0x0000000082600000, 0x0000000100000000)
  region size 1024K, 3 young (3072K), 3 survivors (3072K)
 Metaspace       used 12130K, capacity 12280K, committed 12544K, reserved 1060864K
  class space    used 1120K, capacity 1175K, committed 1280K, reserved 1048576K
}
Event: 1.194 GC heap before
{Heap before GC invocations=1 (full 0):
 garbage-first heap   total 129024K, used 45588K [0x0000000082600000, 0x0000000100000000)
  region size 1024K, 42 young (43008K), 3 survivors (3072K)
 Metaspace       used 21035K, capacity 21200K, committed 21296K, reserved 1069056K
  class space    used 2232K, capacity 2308K, committed 2352K, reserved 1048576K
}
Event: 1.203 GC heap after
{Heap after GC invocations=2 (full 0):
 garbage-first heap   total 129024K, used 10346K [0x0000000082600000, 0x0000000100000000)
  region size 1024K, 7 young (7168K), 7 survivors (7168K)
 Metaspace       used 21035K, capacity 21200K, committed 21296K, reserved 1069056K
  class space    used 2232K, capacity 2308K, committed 2352K, reserved 1048576K
}
Event: 2.119 GC heap before
{Heap before GC invocations=3 (full 0):
 garbage-first heap   total 129024K, used 69738K [0x0000000082600000, 0x0000000100000000)
  region size 1024K, 59 young (60416K), 7 survivors (7168K)
 Metaspace       used 33865K, capacity 34308K, committed 34352K, reserved 1079296K
  class space    used 4188K, capacity 4369K, committed 4400K, reserved 1048576K
}
Event: 2.132 GC heap after
{Heap after GC invocations=4 (full 0):
 garbage-first heap   total 129024K, used 22811K [0x0000000082600000, 0x0000000100000000)
  region size 1024K, 8 young (8192K), 8 survivors (8192K)
 Metaspace       used 33865K, capacity 34308K, committed 34352K, reserved 1079296K
  class space    used 4188K, capacity 4369K, committed 4400K, reserved 1048576K
}
Event: 2.294 GC heap before
{Heap before GC invocations=4 (full 0):
 garbage-first heap   total 129024K, used 33051K [0x0000000082600000, 0x0000000100000000)
  region size 1024K, 19 young (19456K), 8 survivors (8192K)
 Metaspace       used 35408K, capacity 35855K, committed 35920K, reserved 1081344K
  class space    used 4346K, capacity 4501K, committed 4528K, reserved 1048576K
}
Event: 2.304 GC heap after
{Heap after GC invocations=5 (full 0):
 garbage-first heap   total 129024K, used 23246K [0x0000000082600000, 0x0000000100000000)
  region size 1024K, 7 young (7168K), 7 survivors (7168K)
 Metaspace       used 35408K, capacity 35855K, committed 35920K, reserved 1081344K
  class space    used 4346K, capacity 4501K, committed 4528K, reserved 1048576K
}
Event: 2.829 GC heap before
{Heap before GC invocations=6 (full 0):
 garbage-first heap   total 129024K, used 62158K [0x0000000082600000, 0x0000000100000000)
  region size 1024K, 45 young (46080K), 7 survivors (7168K)
 Metaspace       used 43703K, capacity 44176K, committed 44336K, reserved 1087488K
  class space    used 5146K, capacity 5350K, committed 5424K, reserved 1048576K
}
Event: 2.838 GC heap after
{Heap after GC invocations=7 (full 0):
 garbage-first heap   total 155648K, used 27090K [0x0000000082600000, 0x0000000100000000)
  region size 1024K, 6 young (6144K), 6 survivors (6144K)
 Metaspace       used 43703K, capacity 44176K, committed 44336K, reserved 1087488K
  class space    used 5146K, capacity 5350K, committed 5424K, reserved 1048576K
}

